TN:
SF:src/constants.ts
FNF:0
FNH:0
DA:1,2
DA:2,2
LF:2
LH:2
BRDA:3,0,0,0
BRDA:3,0,1,2
BRF:2
BRH:1
end_of_record
TN:
SF:src/components/data/data.entity.ts
FN:15,(anonymous_8)
FN:37,(anonymous_10)
FN:37,(anonymous_11)
FNF:3
FNH:3
FNDA:4,(anonymous_8)
FNDA:2,(anonymous_10)
FNDA:2,(anonymous_11)
DA:1,2
DA:12,2
DA:15,2
DA:17,2
DA:20,2
DA:23,2
DA:26,2
DA:29,2
DA:32,2
DA:35,2
DA:37,2
DA:40,2
DA:41,2
DA:43,2
LF:14
LH:14
BRF:0
BRH:0
end_of_record
TN:
SF:src/components/data/data.graphql.ts
FN:21,(anonymous_14)
FNF:1
FNH:0
FNDA:0,(anonymous_14)
DA:2,1
DA:3,1
DA:5,1
DA:19,1
DA:22,0
DA:23,0
DA:24,0
LF:7
LH:4
BRDA:5,0,0,1
BRDA:5,0,1,1
BRF:2
BRH:2
end_of_record
TN:
SF:src/components/data/data.service.ts
FN:3,(anonymous_0)
FN:6,DataService
FN:8,(anonymous_2)
FN:15,(anonymous_3)
FNF:4
FNH:4
FNDA:1,(anonymous_0)
FNDA:1,DataService
FNDA:1,(anonymous_2)
FNDA:1,(anonymous_3)
DA:1,1
DA:3,1
DA:8,1
DA:9,1
DA:10,1
DA:12,1
DA:15,1
DA:16,1
DA:18,1
DA:20,1
DA:22,1
LF:11
LH:11
BRDA:9,0,0,1
BRDA:9,0,1,0
BRF:2
BRH:1
end_of_record
TN:
SF:src/components/data/index.ts
FN:1,(anonymous_7)
FN:2,(anonymous_8)
FNF:2
FNH:2
FNDA:1,(anonymous_7)
FNDA:1,(anonymous_8)
DA:1,2
DA:2,2
DA:3,1
LF:3
LH:3
BRF:0
BRH:0
end_of_record
TN:
SF:src/components/user/index.ts
FN:1,(anonymous_7)
FN:2,(anonymous_8)
FNF:2
FNH:2
FNDA:4,(anonymous_7)
FNDA:1,(anonymous_8)
DA:1,6
DA:2,3
DA:3,2
LF:3
LH:3
BRF:0
BRH:0
end_of_record
TN:
SF:src/components/user/user.entity.ts
FN:14,(anonymous_9)
FN:37,(anonymous_11)
FN:37,(anonymous_12)
FNF:3
FNH:3
FNDA:4,(anonymous_9)
FNDA:2,(anonymous_11)
FNDA:2,(anonymous_12)
DA:1,2
DA:11,2
DA:14,2
DA:16,2
DA:20,2
DA:23,2
DA:26,2
DA:29,2
DA:32,2
DA:35,2
DA:37,2
DA:38,2
DA:39,2
DA:41,2
LF:14
LH:14
BRF:0
BRH:0
end_of_record
TN:
SF:src/components/user/user.graphql.ts
FN:18,(anonymous_14)
FNF:1
FNH:0
FNDA:0,(anonymous_14)
DA:1,2
DA:3,2
DA:5,2
DA:15,2
DA:19,0
DA:20,0
DA:21,0
LF:7
LH:4
BRDA:5,0,0,2
BRDA:5,0,1,2
BRF:2
BRH:2
end_of_record
TN:
SF:src/components/user/user.service.ts
FN:3,(anonymous_0)
FN:6,UserService
FN:8,(anonymous_2)
FN:15,(anonymous_3)
FN:19,(anonymous_4)
FNF:5
FNH:4
FNDA:2,(anonymous_0)
FNDA:2,UserService
FNDA:2,(anonymous_2)
FNDA:1,(anonymous_3)
FNDA:0,(anonymous_4)
DA:1,2
DA:3,2
DA:8,2
DA:9,2
DA:10,2
DA:12,2
DA:15,2
DA:16,1
DA:19,2
DA:20,0
DA:22,2
DA:24,2
DA:26,2
LF:13
LH:12
BRDA:9,0,0,2
BRDA:9,0,1,0
BRF:2
BRH:1
end_of_record
TN:
SF:src/datastore/Database.ts
FN:9,(anonymous_13)
FN:13,Database
FN:35,(anonymous_15)
FN:39,(anonymous_18)
FNF:4
FNH:4
FNDA:2,(anonymous_13)
FNDA:2,Database
FNDA:2,(anonymous_15)
FNDA:2,(anonymous_18)
DA:1,2
DA:9,2
DA:14,2
DA:15,2
DA:35,2
DA:36,2
DA:39,2
DA:40,2
DA:41,4
DA:42,0
DA:44,0
DA:45,0
DA:48,0
DA:51,2
DA:53,2
DA:55,2
LF:16
LH:12
BRDA:48,0,0,0
BRDA:48,0,1,2
BRDA:41,1,0,2
BRDA:41,1,1,0
BRDA:44,2,0,0
BRDA:44,2,1,0
BRF:6
BRH:2
end_of_record
TN:
SF:src/datastore/index.ts
FN:1,(anonymous_1)
FNF:1
FNH:1
FNDA:2,(anonymous_1)
DA:1,4
LF:1
LH:1
BRF:0
BRH:0
end_of_record
TN:
SF:src/lib/initializeEnvironment.ts
FN:5,initializeEnvironment
FNF:1
FNH:1
FNDA:2,initializeEnvironment
DA:1,2
DA:2,2
DA:3,2
DA:5,2
DA:6,2
LF:5
LH:5
BRF:0
BRH:0
end_of_record
